<?xml version="1.0" encoding="UTF-8"?>
<!-- Generated by org.testng.reporters.JUnitXMLReporter -->
<testsuite ignored="0" hostname="naresh.local" failures="0" tests="18" name="Default test" time="14.274" errors="0" timestamp="2023-07-03T20:37:12 IST">
  <testcase classname="gitrestassure1.githubrest" name="create_a_userrepo" time="3.387"/>
  <testcase classname="gitrestassure1.githubrest" name="update" time="0.738"/>
  <testcase classname="gitrestassure1.githubrest" name="get_repo" time="0.552"/>
  <testcase classname="gitrestassure1.githubrest" name="delete_repo" time="0.657"/>
  <testcase classname="gitrestassure1.githubrest" name="create_forks" time="0.653"/>
  <testcase classname="gitrestassure1.githubrest" name="list_forks" time="0.442"/>
  <testcase classname="gitrestassure1.githubrest" name="list_repo" time="0.511"/>
  <testcase classname="gitrestassure1.githubrest" name="listrepo_language" time="0.45"/>
  <testcase classname="gitrestassure1.githubrest" name="listpblic_repo" time="0.999"/>
  <testcase classname="gitrestassure1.githubrest" name="create_or_updatefile" time="0.817"/>
  <testcase classname="gitrestassure1.githubrest" name="delete_file" time="0.612"/>
  <testcase classname="gitrestassure1.githubrest" name="listrepo_tags" time="0.512"/>
  <testcase classname="gitrestassure1.githubrest" name="getall_repotopics" time="0.513"/>
  <testcase classname="gitrestassure1.githubrest" name="create_autolink" time="1.39"/>
  <testcase classname="gitrestassure1.githubrest" name="getan_autolinkreference" time="0.453"/>
  <testcase classname="gitrestassure1.githubrest" name="delete_autolinkreference" time="0.425"/>
  <testcase classname="gitrestassure1.githubrest" name="geta_repo" time="0.494"/>
  <testcase classname="gitrestassure1.githubrest" name="replaceall_repo" time="0.591"/>
</testsuite> <!-- Default test -->
